#! /usr/bin/vvp
:ivl_version "10.3 (stable)";
:ivl_delay_selection "TYPICAL";
:vpi_time_precision - 12;
:vpi_module "system";
:vpi_module "vhdl_sys";
:vpi_module "v2005_math";
:vpi_module "va_math";
S_0x555925d7c0a0 .scope module, "dff_tb" "dff_tb" 2 3;
 .timescale -9 -12;
v0x555925d8e290_0 .var "clk", 0 0;
v0x555925d8e350_0 .var "d", 0 0;
v0x555925d8e420_0 .net "q", 0 0, v0x555925d8e050_0;  1 drivers
v0x555925d8e520_0 .var "r", 0 0;
S_0x555925d7c220 .scope module, "uut" "dff" 2 14, 3 3 0, S_0x555925d7c0a0;
 .timescale -9 -12;
    .port_info 0 /INPUT 1 "d"
    .port_info 1 /OUTPUT 1 "q"
    .port_info 2 /INPUT 1 "r"
    .port_info 3 /INPUT 1 "clk"
v0x555925d460e0_0 .net "clk", 0 0, v0x555925d8e290_0;  1 drivers
v0x555925d8df90_0 .net "d", 0 0, v0x555925d8e350_0;  1 drivers
v0x555925d8e050_0 .var "q", 0 0;
v0x555925d8e120_0 .net "r", 0 0, v0x555925d8e520_0;  1 drivers
E_0x555925d7b590 .event posedge, v0x555925d460e0_0;
    .scope S_0x555925d7c220;
T_0 ;
    %wait E_0x555925d7b590;
    %load/vec4 v0x555925d8e120_0;
    %pad/u 32;
    %cmpi/e 1, 0, 32;
    %jmp/0xz  T_0.0, 4;
    %pushi/vec4 0, 0, 1;
    %assign/vec4 v0x555925d8e050_0, 0;
    %jmp T_0.1;
T_0.0 ;
    %load/vec4 v0x555925d8df90_0;
    %assign/vec4 v0x555925d8e050_0, 0;
T_0.1 ;
    %jmp T_0;
    .thread T_0;
    .scope S_0x555925d7c0a0;
T_1 ;
    %vpi_call 2 22 "$monitor", "time =%t \011 d=%b \011 q=%b \011 r=%b \011 clk=%b", $time, v0x555925d8e350_0, v0x555925d8e420_0, v0x555925d8e520_0, v0x555925d8e290_0 {0 0 0};
    %pushi/vec4 0, 0, 1;
    %store/vec4 v0x555925d8e350_0, 0, 1;
    %pushi/vec4 0, 0, 1;
    %store/vec4 v0x555925d8e520_0, 0, 1;
    %pushi/vec4 0, 0, 1;
    %store/vec4 v0x555925d8e290_0, 0, 1;
    %vpi_call 2 27 "$dumpfile", "dff.vcd" {0 0 0};
    %vpi_call 2 28 "$dumpvars", 32'sb00000000000000000000000000000000, S_0x555925d7c0a0 {0 0 0};
    %end;
    .thread T_1;
    .scope S_0x555925d7c0a0;
T_2 ;
    %delay 1000, 0;
    %load/vec4 v0x555925d8e290_0;
    %inv;
    %store/vec4 v0x555925d8e290_0, 0, 1;
    %jmp T_2;
    .thread T_2;
    .scope S_0x555925d7c0a0;
T_3 ;
    %delay 1940, 0;
    %load/vec4 v0x555925d8e520_0;
    %inv;
    %store/vec4 v0x555925d8e520_0, 0, 1;
    %jmp T_3;
    .thread T_3;
    .scope S_0x555925d7c0a0;
T_4 ;
    %delay 3500, 0;
    %load/vec4 v0x555925d8e350_0;
    %inv;
    %store/vec4 v0x555925d8e350_0, 0, 1;
    %jmp T_4;
    .thread T_4;
    .scope S_0x555925d7c0a0;
T_5 ;
    %delay 16000, 0;
    %vpi_call 2 33 "$finish" {0 0 0};
    %end;
    .thread T_5;
# The file index is used to find the file name in the following table.
:file_names 4;
    "N/A";
    "<interactive>";
    "dff_tb.v";
    "dff.v";
